<?xml version="1.0" encoding="UTF-8"?>
<!-- Generated by org.testng.reporters.JUnitXMLReporter -->
<testsuite hostname="Lenovo" name="Test2" tests="5" failures="0" timestamp="21 Nov 2016 11:09:43 GMT" time="0.131" errors="0">
  <testcase name="@BeforeClass browserSetup" time="0.0" classname="test.java.test.ApacheSignUpPageTest">
    <failure type="org.testng.TestNGException" message="
Parameter &amp;apos;browsers&amp;apos; is required by @Configuration on method browserSetup but has not been marked @Optional or defined
in C:\Users\Meena Chinnaiah\Documents\New folder\com.chaione.ramrochan\testng.xml">
      <![CDATA[org.testng.TestNGException: 
Parameter 'browsers' is required by @Configuration on method browserSetup but has not been marked @Optional or defined
in C:\Users\Meena Chinnaiah\Documents\New folder\com.chaione.ramrochan\testng.xml
	at java.util.concurrent.FutureTask.run(FutureTask.java:266)
	at java.util.concurrent.ThreadPoolExecutor.runWorker(ThreadPoolExecutor.java:1142)
	at java.util.concurrent.ThreadPoolExecutor$Worker.run(ThreadPoolExecutor.java:617)
	at java.lang.Thread.run(Thread.java:745)
... Removed 13 stack frames]]>
    </failure>
  </testcase> <!-- @BeforeClass browserSetup -->
  <testcase name="@AfterClass cleanUp" time="0.0" classname="test.java.test.ApacheSignUpPageTest">
    <skipped/>
  </testcase> <!-- @AfterClass cleanUp -->
  <testcase name="registrationWithWrongDetails" time="0.018" classname="test.java.test.ApacheSignUpPageTest">
    <skipped/>
  </testcase> <!-- registrationWithWrongDetails -->
  <testcase name="registrationWithEmptyDetails" time="0.002" classname="test.java.test.ApacheSignUpPageTest">
    <skipped/>
  </testcase> <!-- registrationWithEmptyDetails -->
  <testcase name="registrationWithCorrectDetails" time="0.002" classname="test.java.test.ApacheSignUpPageTest">
    <skipped/>
  </testcase> <!-- registrationWithCorrectDetails -->
  <testcase name="registrationWithSameInfo" time="0.007" classname="test.java.test.ApacheSignUpPageTest">
    <skipped/>
  </testcase> <!-- registrationWithSameInfo -->
  <testcase name="registrationInSpanish" time="0.002" classname="test.java.test.ApacheSignUpPageTest">
    <skipped/>
  </testcase> <!-- registrationInSpanish -->
</testsuite> <!-- Test2 -->
