<!DOCTYPE html PUBLIC "-//W3C//DTD XHTML 1.1//EN" "http://www.w3.org/TR/xhtml11/DTD/xhtml11.dtd">
<html xmlns="http://www.w3.org/1999/xhtml"><head><title>TestNG Report</title><style type="text/css">table {margin-bottom:10px;border-collapse:collapse;empty-cells:show}th,td {border:1px solid #009;padding:.25em .5em}th {vertical-align:bottom}td {vertical-align:top}table a {font-weight:bold}.stripe td {background-color: #E6EBF9}.num {text-align:right}.passedodd td {background-color: #3F3}.passedeven td {background-color: #0A0}.skippedodd td {background-color: #DDD}.skippedeven td {background-color: #CCC}.failedodd td,.attn {background-color: #F33}.failedeven td,.stripe .attn {background-color: #D00}.stacktrace {white-space:pre;font-family:monospace}.totop {font-size:85%;text-align:center;border-bottom:2px solid #000}</style></head><body><table><tr><th>Test</th><th># Passed</th><th># Skipped</th><th># Failed</th><th>Time (ms)</th><th>Included Groups</th><th>Excluded Groups</th></tr><tr><th colspan="7">Suite</th></tr><tr><td><a href="#t0">Test</a></td><td class="num">4</td><td class="num">0</td><td class="num attn">1</td><td class="num">124,533</td><td></td><td></td></tr><tr class="stripe"><td><a href="#t1">Test1</a></td><td class="num">4</td><td class="num">0</td><td class="num">0</td><td class="num">32,312</td><td></td><td></td></tr><tr><th>Total</th><th class="num">8</th><th class="num">0</th><th class="num attn">1</th><th class="num">156,845</th><th colspan="2"></th></tr></table><table><thead><tr><th>Class</th><th>Method</th><th>Start</th><th>Time (ms)</th></tr></thead><tbody><tr><th colspan="4">Suite</th></tr></tbody><tbody id="t0"><tr><th colspan="4">Test &#8212; failed</th></tr><tr class="failedeven"><td rowspan="1">test.java.test.ApacheSignUpPageTest</td><td><a href="#m0">registrationWithCorrectDetails</a></td><td rowspan="1">1479772052073</td><td rowspan="1">17603</td></tr><tr><th colspan="4">Test &#8212; passed</th></tr><tr class="passedeven"><td rowspan="4">test.java.test.ApacheSignUpPageTest</td><td><a href="#m1">registrationWithEmptyDetails</a></td><td rowspan="1">1479772049251</td><td rowspan="1">2818</td></tr><tr class="passedeven"><td><a href="#m2">registrationWithSameInfo</a></td><td rowspan="1">1479772069765</td><td rowspan="1">3250</td></tr><tr class="passedeven"><td><a href="#m3">registrationWithWrongDetails</a></td><td rowspan="1">1479772031604</td><td rowspan="1">17640</td></tr><tr class="passedeven"><td><a href="#m4">testForCurrentPage</a></td><td rowspan="1">1479772026427</td><td rowspan="1">5172</td></tr></tbody><tbody id="t1"><tr><th colspan="4">Test1 &#8212; passed</th></tr><tr class="passedeven"><td rowspan="4">test.java.test.ApacheSignUpPageTestSpanish</td><td><a href="#m5">registrationWithEmptyDetails</a></td><td rowspan="1">1479772103400</td><td rowspan="1">2591</td></tr><tr class="passedeven"><td><a href="#m6">registrationWithSameInfo</a></td><td rowspan="1">1479772100528</td><td rowspan="1">2871</td></tr><tr class="passedeven"><td><a href="#m7">registrationWithWrongDetails</a></td><td rowspan="1">1479772096150</td><td rowspan="1">4375</td></tr><tr class="passedeven"><td><a href="#m8">testForCurrentPage</a></td><td rowspan="1">1479772091442</td><td rowspan="1">4706</td></tr></tbody></table><h2>Test</h2><h3 id="m0">test.java.test.ApacheSignUpPageTest#registrationWithCorrectDetails</h3><table class="result"><tr><th>Exception</th></tr><tr><td><div class="stacktrace">org.openqa.selenium.TimeoutException: Timed out after 10 seconds waiting for visibility of Proxy element for: DefaultElementLocator &apos;By.id: ember3915&apos;
Build info: version: &apos;2.53.1&apos;, revision: &apos;a36b8b1cd5757287168e54b817830adce9b0158d&apos;, time: &apos;2016-06-30 19:26:09&apos;
System info: host: &apos;Lenovo&apos;, ip: &apos;192.168.0.101&apos;, os.name: &apos;Windows 7&apos;, os.arch: &apos;x86&apos;, os.version: &apos;6.1&apos;, java.version: &apos;1.8.0_72&apos;
Driver info: org.openqa.selenium.firefox.FirefoxDriver
Capabilities [{applicationCacheEnabled=true, rotatable=false, handlesAlerts=true, databaseEnabled=true, version=47.0.1, platform=WINDOWS, nativeEvents=false, acceptSslCerts=true, webStorageEnabled=true, locationContextEnabled=true, browserName=firefox, takesScreenshot=true, javascriptEnabled=true, cssSelectorsEnabled=true}]
Session ID: 504806c5-920e-4814-bc5a-209d185de0f3
	at org.openqa.selenium.support.ui.WebDriverWait.timeoutException(WebDriverWait.java:80)
	at org.openqa.selenium.support.ui.FluentWait.until(FluentWait.java:261)
	at test.java.test.ApacheSignUpPageTest.registrationWithCorrectDetails(ApacheSignUpPageTest.java:60)
Caused by: org.openqa.selenium.NoSuchElementException: Unable to locate element: {&quot;method&quot;:&quot;id&quot;,&quot;selector&quot;:&quot;ember3915&quot;}
Command duration or timeout: 20 milliseconds
For documentation on this error, please visit: http://seleniumhq.org/exceptions/no_such_element.html
Build info: version: &apos;2.53.1&apos;, revision: &apos;a36b8b1cd5757287168e54b817830adce9b0158d&apos;, time: &apos;2016-06-30 19:26:09&apos;
System info: host: &apos;Lenovo&apos;, ip: &apos;192.168.0.101&apos;, os.name: &apos;Windows 7&apos;, os.arch: &apos;x86&apos;, os.version: &apos;6.1&apos;, java.version: &apos;1.8.0_72&apos;
Driver info: org.openqa.selenium.firefox.FirefoxDriver
Capabilities [{applicationCacheEnabled=true, rotatable=false, handlesAlerts=true, databaseEnabled=true, version=47.0.1, platform=WINDOWS, nativeEvents=false, acceptSslCerts=true, webStorageEnabled=true, locationContextEnabled=true, browserName=firefox, takesScreenshot=true, javascriptEnabled=true, cssSelectorsEnabled=true}]
Session ID: 504806c5-920e-4814-bc5a-209d185de0f3
*** Element info: {Using=id, value=ember3915}
	at org.openqa.selenium.remote.ErrorHandler.createThrowable(ErrorHandler.java:206)
	at org.openqa.selenium.remote.ErrorHandler.throwIfResponseFailed(ErrorHandler.java:158)
	at org.openqa.selenium.remote.RemoteWebDriver.execute(RemoteWebDriver.java:678)
	at org.openqa.selenium.remote.RemoteWebDriver.findElement(RemoteWebDriver.java:363)
	at org.openqa.selenium.remote.RemoteWebDriver.findElementById(RemoteWebDriver.java:413)
	at org.openqa.selenium.By$ById.findElement(By.java:218)
	at org.openqa.selenium.remote.RemoteWebDriver.findElement(RemoteWebDriver.java:355)
	at org.openqa.selenium.support.pagefactory.DefaultElementLocator.findElement(DefaultElementLocator.java:69)
	at org.openqa.selenium.support.pagefactory.internal.LocatingElementHandler.invoke(LocatingElementHandler.java:38)
	at com.sun.proxy.$Proxy8.isDisplayed(Unknown Source)
	at org.openqa.selenium.support.ui.ExpectedConditions.elementIfVisible(ExpectedConditions.java:302)
	at org.openqa.selenium.support.ui.ExpectedConditions.access$100(ExpectedConditions.java:41)
	at org.openqa.selenium.support.ui.ExpectedConditions$10.apply(ExpectedConditions.java:288)
	at org.openqa.selenium.support.ui.ExpectedConditions$10.apply(ExpectedConditions.java:285)
	at org.openqa.selenium.support.ui.FluentWait.until(FluentWait.java:238)
	... 26 more
Caused by: org.openqa.selenium.NoSuchElementException: Unable to locate element: {&quot;method&quot;:&quot;id&quot;,&quot;selector&quot;:&quot;ember3915&quot;}
For documentation on this error, please visit: http://seleniumhq.org/exceptions/no_such_element.html
Build info: version: &apos;2.53.1&apos;, revision: &apos;a36b8b1cd5757287168e54b817830adce9b0158d&apos;, time: &apos;2016-06-30 19:26:09&apos;
System info: host: &apos;Lenovo&apos;, ip: &apos;192.168.0.101&apos;, os.name: &apos;Windows 7&apos;, os.arch: &apos;x86&apos;, os.version: &apos;6.1&apos;, java.version: &apos;1.8.0_72&apos;
Driver info: driver.version: unknown
	at &lt;anonymous class&gt;.FirefoxDriver.prototype.findElementInternal_(file:///C:/Users/MEENAC~1/AppData/Local/Temp/anonymous1461208120454034873webdriver-profile/extensions/fxdriver@googlecode.com/components/driver-component.js:10770)
	at &lt;anonymous class&gt;.FirefoxDriver.prototype.findElement(file:///C:/Users/MEENAC~1/AppData/Local/Temp/anonymous1461208120454034873webdriver-profile/extensions/fxdriver@googlecode.com/components/driver-component.js:10779)
	at &lt;anonymous class&gt;.DelayedCommand.prototype.executeInternal_/h(file:///C:/Users/MEENAC~1/AppData/Local/Temp/anonymous1461208120454034873webdriver-profile/extensions/fxdriver@googlecode.com/components/command-processor.js:12661)
	at &lt;anonymous class&gt;.DelayedCommand.prototype.executeInternal_(file:///C:/Users/MEENAC~1/AppData/Local/Temp/anonymous1461208120454034873webdriver-profile/extensions/fxdriver@googlecode.com/components/command-processor.js:12666)
	at &lt;anonymous class&gt;.DelayedCommand.prototype.execute/&lt;(file:///C:/Users/MEENAC~1/AppData/Local/Temp/anonymous1461208120454034873webdriver-profile/extensions/fxdriver@googlecode.com/components/command-processor.js:12608)
... Removed 28 stack frames</div></td></tr></table><p class="totop"><a href="#summary">back to summary</a></p><h3 id="m1">test.java.test.ApacheSignUpPageTest#registrationWithEmptyDetails</h3><table class="result"></table><p class="totop"><a href="#summary">back to summary</a></p><h3 id="m2">test.java.test.ApacheSignUpPageTest#registrationWithSameInfo</h3><table class="result"></table><p class="totop"><a href="#summary">back to summary</a></p><h3 id="m3">test.java.test.ApacheSignUpPageTest#registrationWithWrongDetails</h3><table class="result"></table><p class="totop"><a href="#summary">back to summary</a></p><h3 id="m4">test.java.test.ApacheSignUpPageTest#testForCurrentPage</h3><table class="result"></table><p class="totop"><a href="#summary">back to summary</a></p><h2>Test1</h2><h3 id="m5">test.java.test.ApacheSignUpPageTestSpanish#registrationWithEmptyDetails</h3><table class="result"></table><p class="totop"><a href="#summary">back to summary</a></p><h3 id="m6">test.java.test.ApacheSignUpPageTestSpanish#registrationWithSameInfo</h3><table class="result"></table><p class="totop"><a href="#summary">back to summary</a></p><h3 id="m7">test.java.test.ApacheSignUpPageTestSpanish#registrationWithWrongDetails</h3><table class="result"></table><p class="totop"><a href="#summary">back to summary</a></p><h3 id="m8">test.java.test.ApacheSignUpPageTestSpanish#testForCurrentPage</h3><table class="result"></table><p class="totop"><a href="#summary">back to summary</a></p></body></html>