<?xml version="1.0" encoding="UTF-8"?>
<testng-results skipped="0" failed="1" total="9" passed="8">
  <reporter-output>
  </reporter-output>
  <suite name="Suite" duration-ms="157505" started-at="2016-11-21T23:45:48Z" finished-at="2016-11-21T23:48:26Z">
    <groups>
    </groups>
    <test name="Test" duration-ms="124533" started-at="2016-11-21T23:45:48Z" finished-at="2016-11-21T23:47:53Z">
      <class name="test.java.test.ApacheSignUpPageTest">
        <test-method status="PASS" signature="browserSetup(java.lang.String)[pri:0, instance:test.java.test.ApacheSignUpPageTest@4f787b]" name="browserSetup" is-config="true" duration-ms="77733" started-at="2016-11-21T15:45:48Z" finished-at="2016-11-21T15:47:06Z">
          <params>
            <param index="0">
              <value>
                <![CDATA[ff]]>
              </value>
            </param>
          </params>
          <reporter-output>
          </reporter-output>
        </test-method> <!-- browserSetup -->
        <test-method status="PASS" signature="testForCurrentPage()[pri:0, instance:test.java.test.ApacheSignUpPageTest@4f787b]" name="testForCurrentPage" duration-ms="5172" started-at="2016-11-21T15:47:06Z" finished-at="2016-11-21T15:47:11Z">
          <reporter-output>
          </reporter-output>
        </test-method> <!-- testForCurrentPage -->
        <test-method status="PASS" signature="registrationWithWrongDetails()[pri:1, instance:test.java.test.ApacheSignUpPageTest@4f787b]" name="registrationWithWrongDetails" duration-ms="17640" started-at="2016-11-21T15:47:11Z" finished-at="2016-11-21T15:47:29Z">
          <reporter-output>
          </reporter-output>
        </test-method> <!-- registrationWithWrongDetails -->
        <test-method status="PASS" signature="registrationWithEmptyDetails()[pri:2, instance:test.java.test.ApacheSignUpPageTest@4f787b]" name="registrationWithEmptyDetails" duration-ms="2818" started-at="2016-11-21T15:47:29Z" finished-at="2016-11-21T15:47:32Z">
          <reporter-output>
          </reporter-output>
        </test-method> <!-- registrationWithEmptyDetails -->
        <test-method status="FAIL" signature="registrationWithCorrectDetails()[pri:3, instance:test.java.test.ApacheSignUpPageTest@4f787b]" name="registrationWithCorrectDetails" duration-ms="17603" started-at="2016-11-21T15:47:32Z" finished-at="2016-11-21T15:47:49Z">
          <exception class="org.openqa.selenium.TimeoutException">
            <message>
              <![CDATA[Timed out after 10 seconds waiting for visibility of Proxy element for: DefaultElementLocator 'By.id: ember3915'
Build info: version: '2.53.1', revision: 'a36b8b1cd5757287168e54b817830adce9b0158d', time: '2016-06-30 19:26:09'
System info: host: 'Lenovo', ip: '192.168.0.101', os.name: 'Windows 7', os.arch: 'x86', os.version: '6.1', java.version: '1.8.0_72'
Driver info: org.openqa.selenium.firefox.FirefoxDriver
Capabilities [{applicationCacheEnabled=true, rotatable=false, handlesAlerts=true, databaseEnabled=true, version=47.0.1, platform=WINDOWS, nativeEvents=false, acceptSslCerts=true, webStorageEnabled=true, locationContextEnabled=true, browserName=firefox, takesScreenshot=true, javascriptEnabled=true, cssSelectorsEnabled=true}]
Session ID: 504806c5-920e-4814-bc5a-209d185de0f3]]>
            </message>
            <full-stacktrace>
              <![CDATA[org.openqa.selenium.TimeoutException: Timed out after 10 seconds waiting for visibility of Proxy element for: DefaultElementLocator 'By.id: ember3915'
Build info: version: '2.53.1', revision: 'a36b8b1cd5757287168e54b817830adce9b0158d', time: '2016-06-30 19:26:09'
System info: host: 'Lenovo', ip: '192.168.0.101', os.name: 'Windows 7', os.arch: 'x86', os.version: '6.1', java.version: '1.8.0_72'
Driver info: org.openqa.selenium.firefox.FirefoxDriver
Capabilities [{applicationCacheEnabled=true, rotatable=false, handlesAlerts=true, databaseEnabled=true, version=47.0.1, platform=WINDOWS, nativeEvents=false, acceptSslCerts=true, webStorageEnabled=true, locationContextEnabled=true, browserName=firefox, takesScreenshot=true, javascriptEnabled=true, cssSelectorsEnabled=true}]
Session ID: 504806c5-920e-4814-bc5a-209d185de0f3
	at org.openqa.selenium.support.ui.WebDriverWait.timeoutException(WebDriverWait.java:80)
	at org.openqa.selenium.support.ui.FluentWait.until(FluentWait.java:261)
	at test.java.test.ApacheSignUpPageTest.registrationWithCorrectDetails(ApacheSignUpPageTest.java:60)
	at sun.reflect.NativeMethodAccessorImpl.invoke0(Native Method)
	at sun.reflect.NativeMethodAccessorImpl.invoke(NativeMethodAccessorImpl.java:62)
	at sun.reflect.DelegatingMethodAccessorImpl.invoke(DelegatingMethodAccessorImpl.java:43)
	at java.lang.reflect.Method.invoke(Method.java:498)
	at org.testng.internal.MethodInvocationHelper.invokeMethod(MethodInvocationHelper.java:100)
	at org.testng.internal.Invoker.invokeMethod(Invoker.java:646)
	at org.testng.internal.Invoker.invokeTestMethod(Invoker.java:811)
	at org.testng.internal.Invoker.invokeTestMethods(Invoker.java:1129)
	at org.testng.internal.TestMethodWorker.invokeTestMethods(TestMethodWorker.java:129)
	at org.testng.internal.TestMethodWorker.run(TestMethodWorker.java:112)
	at org.testng.TestRunner.privateRun(TestRunner.java:746)
	at org.testng.TestRunner.run(TestRunner.java:600)
	at org.testng.SuiteRunner.runTest(SuiteRunner.java:366)
	at org.testng.SuiteRunner.runSequentially(SuiteRunner.java:361)
	at org.testng.SuiteRunner.privateRun(SuiteRunner.java:319)
	at org.testng.SuiteRunner.run(SuiteRunner.java:268)
	at org.testng.SuiteRunnerWorker.runSuite(SuiteRunnerWorker.java:52)
	at org.testng.SuiteRunnerWorker.run(SuiteRunnerWorker.java:86)
	at org.testng.TestNG.runSuitesSequentially(TestNG.java:1264)
	at org.testng.TestNG.runSuitesLocally(TestNG.java:1189)
	at org.testng.TestNG.runSuites(TestNG.java:1104)
	at org.testng.TestNG.run(TestNG.java:1076)
	at org.testng.remote.AbstractRemoteTestNG.run(AbstractRemoteTestNG.java:126)
	at org.testng.remote.RemoteTestNG.initAndRun(RemoteTestNG.java:152)
	at org.testng.remote.RemoteTestNG.main(RemoteTestNG.java:57)
Caused by: org.openqa.selenium.NoSuchElementException: Unable to locate element: {"method":"id","selector":"ember3915"}
Command duration or timeout: 20 milliseconds
For documentation on this error, please visit: http://seleniumhq.org/exceptions/no_such_element.html
Build info: version: '2.53.1', revision: 'a36b8b1cd5757287168e54b817830adce9b0158d', time: '2016-06-30 19:26:09'
System info: host: 'Lenovo', ip: '192.168.0.101', os.name: 'Windows 7', os.arch: 'x86', os.version: '6.1', java.version: '1.8.0_72'
Driver info: org.openqa.selenium.firefox.FirefoxDriver
Capabilities [{applicationCacheEnabled=true, rotatable=false, handlesAlerts=true, databaseEnabled=true, version=47.0.1, platform=WINDOWS, nativeEvents=false, acceptSslCerts=true, webStorageEnabled=true, locationContextEnabled=true, browserName=firefox, takesScreenshot=true, javascriptEnabled=true, cssSelectorsEnabled=true}]
Session ID: 504806c5-920e-4814-bc5a-209d185de0f3
*** Element info: {Using=id, value=ember3915}
	at sun.reflect.GeneratedConstructorAccessor14.newInstance(Unknown Source)
	at sun.reflect.DelegatingConstructorAccessorImpl.newInstance(DelegatingConstructorAccessorImpl.java:45)
	at java.lang.reflect.Constructor.newInstance(Constructor.java:423)
	at org.openqa.selenium.remote.ErrorHandler.createThrowable(ErrorHandler.java:206)
	at org.openqa.selenium.remote.ErrorHandler.throwIfResponseFailed(ErrorHandler.java:158)
	at org.openqa.selenium.remote.RemoteWebDriver.execute(RemoteWebDriver.java:678)
	at org.openqa.selenium.remote.RemoteWebDriver.findElement(RemoteWebDriver.java:363)
	at org.openqa.selenium.remote.RemoteWebDriver.findElementById(RemoteWebDriver.java:413)
	at org.openqa.selenium.By$ById.findElement(By.java:218)
	at org.openqa.selenium.remote.RemoteWebDriver.findElement(RemoteWebDriver.java:355)
	at org.openqa.selenium.support.pagefactory.DefaultElementLocator.findElement(DefaultElementLocator.java:69)
	at org.openqa.selenium.support.pagefactory.internal.LocatingElementHandler.invoke(LocatingElementHandler.java:38)
	at com.sun.proxy.$Proxy8.isDisplayed(Unknown Source)
	at org.openqa.selenium.support.ui.ExpectedConditions.elementIfVisible(ExpectedConditions.java:302)
	at org.openqa.selenium.support.ui.ExpectedConditions.access$100(ExpectedConditions.java:41)
	at org.openqa.selenium.support.ui.ExpectedConditions$10.apply(ExpectedConditions.java:288)
	at org.openqa.selenium.support.ui.ExpectedConditions$10.apply(ExpectedConditions.java:285)
	at org.openqa.selenium.support.ui.FluentWait.until(FluentWait.java:238)
	... 26 more
Caused by: org.openqa.selenium.NoSuchElementException: Unable to locate element: {"method":"id","selector":"ember3915"}
For documentation on this error, please visit: http://seleniumhq.org/exceptions/no_such_element.html
Build info: version: '2.53.1', revision: 'a36b8b1cd5757287168e54b817830adce9b0158d', time: '2016-06-30 19:26:09'
System info: host: 'Lenovo', ip: '192.168.0.101', os.name: 'Windows 7', os.arch: 'x86', os.version: '6.1', java.version: '1.8.0_72'
Driver info: driver.version: unknown
	at <anonymous class>.FirefoxDriver.prototype.findElementInternal_(file:///C:/Users/MEENAC~1/AppData/Local/Temp/anonymous1461208120454034873webdriver-profile/extensions/fxdriver@googlecode.com/components/driver-component.js:10770)
	at <anonymous class>.FirefoxDriver.prototype.findElement(file:///C:/Users/MEENAC~1/AppData/Local/Temp/anonymous1461208120454034873webdriver-profile/extensions/fxdriver@googlecode.com/components/driver-component.js:10779)
	at <anonymous class>.DelayedCommand.prototype.executeInternal_/h(file:///C:/Users/MEENAC~1/AppData/Local/Temp/anonymous1461208120454034873webdriver-profile/extensions/fxdriver@googlecode.com/components/command-processor.js:12661)
	at <anonymous class>.DelayedCommand.prototype.executeInternal_(file:///C:/Users/MEENAC~1/AppData/Local/Temp/anonymous1461208120454034873webdriver-profile/extensions/fxdriver@googlecode.com/components/command-processor.js:12666)
	at <anonymous class>.DelayedCommand.prototype.execute/<(file:///C:/Users/MEENAC~1/AppData/Local/Temp/anonymous1461208120454034873webdriver-profile/extensions/fxdriver@googlecode.com/components/command-processor.js:12608)
]]>
            </full-stacktrace>
          </exception> <!-- org.openqa.selenium.TimeoutException -->
          <reporter-output>
          </reporter-output>
        </test-method> <!-- registrationWithCorrectDetails -->
        <test-method status="PASS" signature="registrationWithSameInfo()[pri:4, instance:test.java.test.ApacheSignUpPageTest@4f787b]" name="registrationWithSameInfo" duration-ms="3250" started-at="2016-11-21T15:47:49Z" finished-at="2016-11-21T15:47:53Z">
          <reporter-output>
          </reporter-output>
        </test-method> <!-- registrationWithSameInfo -->
        <test-method status="PASS" signature="cleanUp()[pri:0, instance:test.java.test.ApacheSignUpPageTest@4f787b]" name="cleanUp" is-config="true" duration-ms="21" started-at="2016-11-21T15:47:53Z" finished-at="2016-11-21T15:47:53Z">
          <reporter-output>
          </reporter-output>
        </test-method> <!-- cleanUp -->
      </class> <!-- test.java.test.ApacheSignUpPageTest -->
    </test> <!-- Test -->
    <test name="Test1" duration-ms="32312" started-at="2016-11-21T23:47:53Z" finished-at="2016-11-21T23:48:26Z">
      <class name="test.java.test.ApacheSignUpPageTestSpanish">
        <test-method status="PASS" signature="browserSetup(java.lang.String)[pri:0, instance:test.java.test.ApacheSignUpPageTestSpanish@19963d8]" name="browserSetup" is-config="true" duration-ms="17741" started-at="2016-11-21T15:47:53Z" finished-at="2016-11-21T15:48:11Z">
          <params>
            <param index="0">
              <value>
                <![CDATA[ff]]>
              </value>
            </param>
          </params>
          <reporter-output>
          </reporter-output>
        </test-method> <!-- browserSetup -->
        <test-method status="PASS" signature="testForCurrentPage()[pri:0, instance:test.java.test.ApacheSignUpPageTestSpanish@19963d8]" name="testForCurrentPage" duration-ms="4706" started-at="2016-11-21T15:48:11Z" finished-at="2016-11-21T15:48:16Z">
          <reporter-output>
          </reporter-output>
        </test-method> <!-- testForCurrentPage -->
        <test-method status="PASS" signature="registrationWithWrongDetails()[pri:1, instance:test.java.test.ApacheSignUpPageTestSpanish@19963d8]" name="registrationWithWrongDetails" duration-ms="4375" started-at="2016-11-21T15:48:16Z" finished-at="2016-11-21T15:48:20Z">
          <reporter-output>
          </reporter-output>
        </test-method> <!-- registrationWithWrongDetails -->
        <test-method status="PASS" signature="registrationWithSameInfo()[pri:2, instance:test.java.test.ApacheSignUpPageTestSpanish@19963d8]" name="registrationWithSameInfo" duration-ms="2871" started-at="2016-11-21T15:48:20Z" finished-at="2016-11-21T15:48:23Z">
          <reporter-output>
          </reporter-output>
        </test-method> <!-- registrationWithSameInfo -->
        <test-method status="PASS" signature="registrationWithEmptyDetails()[pri:3, instance:test.java.test.ApacheSignUpPageTestSpanish@19963d8]" name="registrationWithEmptyDetails" duration-ms="2591" started-at="2016-11-21T15:48:23Z" finished-at="2016-11-21T15:48:25Z">
          <reporter-output>
          </reporter-output>
        </test-method> <!-- registrationWithEmptyDetails -->
        <test-method status="PASS" signature="cleanUp()[pri:0, instance:test.java.test.ApacheSignUpPageTestSpanish@19963d8]" name="cleanUp" is-config="true" duration-ms="17" started-at="2016-11-21T15:48:25Z" finished-at="2016-11-21T15:48:26Z">
          <reporter-output>
          </reporter-output>
        </test-method> <!-- cleanUp -->
      </class> <!-- test.java.test.ApacheSignUpPageTestSpanish -->
    </test> <!-- Test1 -->
  </suite> <!-- Suite -->
</testng-results>
